<?xml version="1.0" encoding="UTF-8"?>
<!-- Generated by org.testng.reporters.JUnitReportReporter -->
<testsuite hostname="DESKTOP-P80DRUJ" failures="0" tests="1" name="Action_class.new1" time="0.015" errors="0" timestamp="2024-02-28T13:13:19 IST" skipped="0">
  <testcase classname="Action_class.new1" name="abc" time="0.015"/>
</testsuite> <!-- Action_class.new1 -->
